<?xml version="1.0" encoding="UTF-8"?>
<!-- Generated by org.testng.reporters.JUnitReportReporter -->
<testsuite hostname="DESKTOP-OQPM0JT" failures="0" tests="2" name="org.test.Class2" time="0.006" errors="0" timestamp="2025-08-06T12:04:43 IST" skipped="0">
  <testcase classname="org.test.Class2" name="class2Method2" time="0.003"/>
  <system-out/>
  <testcase classname="org.test.Class2" name="class2Method1" time="0.003"/>
  <system-out/>
</testsuite> <!-- org.test.Class2 -->
