<?xml version="1.0" encoding="UTF-8"?>
<!-- Generated by org.testng.reporters.JUnitReportReporter -->
<testsuite hostname="DESKTOP-OQPM0JT" failures="0" tests="2" name="org.test.Annotations" time="0.036" errors="0" timestamp="2025-07-30T11:43:25 IST" skipped="0">
  <testcase classname="org.test.Annotations" name="test02" time="0.013"/>
  <system-out/>
  <testcase classname="org.test.Annotations" name="test01" time="0.023"/>
  <system-out/>
</testsuite> <!-- org.test.Annotations -->
