<?xml version="1.0" encoding="UTF-8"?>
<!-- Generated by org.testng.reporters.JUnitReportReporter -->
<testsuite hostname="DESKTOP-OQPM0JT" failures="0" tests="1" name="org.test.OrangeHrmTitleTest" time="67.364" errors="0" timestamp="2025-08-05T11:33:14 IST" skipped="0">
  <testcase classname="org.test.OrangeHrmTitleTest" name="titleVerification" time="67.364"/>
  <system-out/>
</testsuite> <!-- org.test.OrangeHrmTitleTest -->
