<?xml version="1.0" encoding="UTF-8"?>
<!-- Generated by org.testng.reporters.JUnitReportReporter -->
<testsuite hostname="DESKTOP-OQPM0JT" failures="0" tests="1" name="org.test.Class3" time="0.042" errors="0" timestamp="2025-08-06T11:55:05 IST" skipped="0">
  <testcase classname="org.test.Class3" name="class3Method1" time="0.042"/>
  <system-out/>
</testsuite> <!-- org.test.Class3 -->
