<?xml version="1.0" encoding="UTF-8"?>
<!-- Generated by org.testng.reporters.JUnitReportReporter -->
<testsuite hostname="DESKTOP-OQPM0JT" failures="0" tests="2" name="org.test.ExtendReportDemo" time="30.369" errors="0" timestamp="2025-08-08T11:50:37 IST" skipped="0">
  <testcase classname="org.test.ExtendReportDemo" name="verifyGmailLink" time="20.649"/>
  <system-out/>
  <testcase classname="org.test.ExtendReportDemo" name="checkTitle" time="9.720"/>
  <system-out/>
</testsuite> <!-- org.test.ExtendReportDemo -->
