<?xml version="1.0" encoding="UTF-8"?>
<!-- Generated by org.testng.reporters.JUnitReportReporter -->
<testsuite hostname="DESKTOP-OQPM0JT" failures="0" tests="2" name="org.test.CrossBrowser" time="99.851" errors="0" timestamp="2025-08-06T11:49:54 IST" skipped="0">
  <testcase classname="org.test.CrossBrowser" name="fbtitle" time="50.328"/>
  <system-out/>
  <testcase classname="org.test.CrossBrowser" name="fbtitle" time="49.523"/>
  <system-out/>
</testsuite> <!-- org.test.CrossBrowser -->
