<?xml version="1.0" encoding="UTF-8"?>
<!-- Generated by org.testng.reporters.JUnitReportReporter -->
<testsuite hostname="DESKTOP-OQPM0JT" failures="0" tests="1" name="org.test.Class1" time="0.023" errors="0" timestamp="2025-08-07T11:18:14 IST" skipped="0">
  <testcase classname="org.test.Class1" name="class1Method1" time="0.023"/>
  <system-out/>
</testsuite> <!-- org.test.Class1 -->
